running develop
/usr/lib/python3/dist-packages/setuptools/command/easy_install.py:158: EasyInstallDeprecationWarning: easy_install command is deprecated. Use build and pip and other standards-based tools.
  warnings.warn(
running egg_info
creating pose_to_odom.egg-info
writing pose_to_odom.egg-info/PKG-INFO
writing dependency_links to pose_to_odom.egg-info/dependency_links.txt
writing entry points to pose_to_odom.egg-info/entry_points.txt
writing requirements to pose_to_odom.egg-info/requires.txt
writing top-level names to pose_to_odom.egg-info/top_level.txt
writing manifest file 'pose_to_odom.egg-info/SOURCES.txt'
reading manifest file 'pose_to_odom.egg-info/SOURCES.txt'
writing manifest file 'pose_to_odom.egg-info/SOURCES.txt'
running build_ext
Creating /home/group1/kody_party_ws/install/pose_to_odom/lib/python3.10/site-packages/pose-to-odom.egg-link (link to .)

Installed /home/group1/kody_party_ws/build/pose_to_odom
running symlink_data
creating /home/group1/kody_party_ws/install/pose_to_odom/share/ament_index
creating /home/group1/kody_party_ws/install/pose_to_odom/share/ament_index/resource_index
creating /home/group1/kody_party_ws/install/pose_to_odom/share/ament_index/resource_index/packages
symbolically linking /home/group1/kody_party_ws/build/pose_to_odom/resource/pose_to_odom -> /home/group1/kody_party_ws/install/pose_to_odom/share/ament_index/resource_index/packages
symbolically linking /home/group1/kody_party_ws/build/pose_to_odom/package.xml -> /home/group1/kody_party_ws/install/pose_to_odom/share/pose_to_odom
